<?xml version="1.0" encoding="UTF-8"?>
<testng-results skipped="0" failed="0" ignored="0" total="2" passed="2">
  <reporter-output>
  </reporter-output>
  <suite name="Suite" duration-ms="7565" started-at="2022-01-12T22:53:23 IST" finished-at="2022-01-12T22:53:31 IST">
    <groups>
    </groups>
    <test name="Test" duration-ms="7565" started-at="2022-01-12T22:53:23 IST" finished-at="2022-01-12T22:53:31 IST">
      <class name="com.sdet.APPTEST">
        <test-method status="PASS" signature="testlogin1()[pri:0, instance:com.sdet.APPTEST@27f723]" name="testlogin1" duration-ms="10" started-at="2022-01-12T22:53:23 IST" finished-at="2022-01-12T22:53:23 IST">
          <reporter-output>
          </reporter-output>
        </test-method> <!-- testlogin1 -->
      </class> <!-- com.sdet.APPTEST -->
      <class name="com.sdet.TC_login">
        <test-method status="PASS" signature="login_test()[pri:0, instance:com.sdet.TC_login@77ec78b9]" name="login_test" duration-ms="7520" started-at="2022-01-12T22:53:23 IST" finished-at="2022-01-12T22:53:31 IST">
          <reporter-output>
          </reporter-output>
        </test-method> <!-- login_test -->
      </class> <!-- com.sdet.TC_login -->
    </test> <!-- Test -->
  </suite> <!-- Suite -->
</testng-results>
