<?xml version="1.0" encoding="UTF-8"?>
<testng-results skipped="0" failed="0" ignored="0" total="2" passed="2">
  <reporter-output>
  </reporter-output>
  <suite name="Suite" duration-ms="10703" started-at="2022-01-12T22:52:46 IST" finished-at="2022-01-12T22:52:56 IST">
    <groups>
    </groups>
    <test name="Test" duration-ms="10703" started-at="2022-01-12T22:52:46 IST" finished-at="2022-01-12T22:52:56 IST">
      <class name="com.sdet.APPTEST">
        <test-method status="PASS" signature="testlogin1()[pri:0, instance:com.sdet.APPTEST@51cdd8a]" name="testlogin1" duration-ms="8" started-at="2022-01-12T22:52:46 IST" finished-at="2022-01-12T22:52:46 IST">
          <reporter-output>
          </reporter-output>
        </test-method> <!-- testlogin1 -->
      </class> <!-- com.sdet.APPTEST -->
      <class name="com.sdet.TC_login">
        <test-method status="PASS" signature="login_test()[pri:0, instance:com.sdet.TC_login@394e1a0f]" name="login_test" duration-ms="10660" started-at="2022-01-12T22:52:46 IST" finished-at="2022-01-12T22:52:56 IST">
          <reporter-output>
          </reporter-output>
        </test-method> <!-- login_test -->
      </class> <!-- com.sdet.TC_login -->
    </test> <!-- Test -->
  </suite> <!-- Suite -->
</testng-results>
